[16:57:25] [main/INFO]: Setting user: Player687
[16:57:41] [Client thread/INFO]: LWJGL Version: 2.9.1
[16:58:47] [Client thread/INFO]: Reloading ResourceManager: Default, FMLFileResourcePack:Forge Mod Loader, FMLFileResourcePack:Minecraft Forge, FMLFileResourcePack:Titan Technology
[16:58:52] [Sound Library Loader/INFO]: Sound engine started
[16:59:38] [Client thread/INFO]: Created: 512x256 textures/blocks-atlas
[16:59:39] [Client thread/ERROR]: Unable to parse metadata from titantechnology:textures/items/Wrench.png
java.lang.RuntimeException: broken aspect ratio and not an animation
	at net.minecraft.client.renderer.texture.TextureAtlasSprite.loadSprite(TextureAtlasSprite.java:245) ~[TextureAtlasSprite.class:?]
	at net.minecraft.client.renderer.texture.TextureMap.loadTextureAtlas(TextureMap.java:170) [TextureMap.class:?]
	at net.minecraft.client.renderer.texture.TextureMap.loadTexture(TextureMap.java:91) [TextureMap.class:?]
	at net.minecraft.client.renderer.texture.TextureManager.loadTexture(TextureManager.java:89) [TextureManager.class:?]
	at net.minecraft.client.renderer.texture.TextureManager.loadTickableTexture(TextureManager.java:71) [TextureManager.class:?]
	at net.minecraft.client.renderer.texture.TextureManager.loadTextureMap(TextureManager.java:58) [TextureManager.class:?]
	at net.minecraft.client.Minecraft.startGame(Minecraft.java:583) [Minecraft.class:?]
	at net.minecraft.client.Minecraft.run(Minecraft.java:931) [Minecraft.class:?]
	at net.minecraft.client.main.Main.main(Main.java:164) [Main.class:?]
	at sun.reflect.NativeMethodAccessorImpl.invoke0(Native Method) ~[?:1.8.0_25]
	at sun.reflect.NativeMethodAccessorImpl.invoke(NativeMethodAccessorImpl.java:62) ~[?:1.8.0_25]
	at sun.reflect.DelegatingMethodAccessorImpl.invoke(DelegatingMethodAccessorImpl.java:43) ~[?:1.8.0_25]
	at java.lang.reflect.Method.invoke(Method.java:483) ~[?:1.8.0_25]
	at net.minecraft.launchwrapper.Launch.launch(Launch.java:135) [launchwrapper-1.11.jar:?]
	at net.minecraft.launchwrapper.Launch.main(Launch.java:28) [launchwrapper-1.11.jar:?]
	at net.minecraftforge.gradle.GradleStartCommon.launch(GradleStartCommon.java:78) [start/:?]
	at GradleStart.main(GradleStart.java:45) [start/:?]
	at sun.reflect.NativeMethodAccessorImpl.invoke0(Native Method) ~[?:1.8.0_25]
	at sun.reflect.NativeMethodAccessorImpl.invoke(NativeMethodAccessorImpl.java:62) ~[?:1.8.0_25]
	at sun.reflect.DelegatingMethodAccessorImpl.invoke(DelegatingMethodAccessorImpl.java:43) ~[?:1.8.0_25]
	at java.lang.reflect.Method.invoke(Method.java:483) ~[?:1.8.0_25]
	at com.intellij.rt.execution.application.AppMain.main(AppMain.java:134) [idea_rt.jar:?]
[16:59:39] [Client thread/INFO]: Created: 256x256 textures/items-atlas
[16:59:41] [Client thread/INFO]: Reloading ResourceManager: Default, FMLFileResourcePack:Forge Mod Loader, FMLFileResourcePack:Minecraft Forge, FMLFileResourcePack:Titan Technology
[16:59:43] [Client thread/INFO]: Created: 512x256 textures/blocks-atlas
[16:59:44] [Client thread/ERROR]: Unable to parse metadata from titantechnology:textures/items/Wrench.png
java.lang.RuntimeException: broken aspect ratio and not an animation
	at net.minecraft.client.renderer.texture.TextureAtlasSprite.loadSprite(TextureAtlasSprite.java:245) ~[TextureAtlasSprite.class:?]
	at net.minecraft.client.renderer.texture.TextureMap.loadTextureAtlas(TextureMap.java:170) [TextureMap.class:?]
	at net.minecraft.client.renderer.texture.TextureMap.loadTexture(TextureMap.java:91) [TextureMap.class:?]
	at net.minecraft.client.renderer.texture.TextureManager.loadTexture(TextureManager.java:89) [TextureManager.class:?]
	at net.minecraft.client.renderer.texture.TextureManager.onResourceManagerReload(TextureManager.java:170) [TextureManager.class:?]
	at net.minecraft.client.resources.SimpleReloadableResourceManager.notifyReloadListeners(SimpleReloadableResourceManager.java:134) [SimpleReloadableResourceManager.class:?]
	at net.minecraft.client.resources.SimpleReloadableResourceManager.reloadResources(SimpleReloadableResourceManager.java:118) [SimpleReloadableResourceManager.class:?]
	at net.minecraft.client.Minecraft.refreshResources(Minecraft.java:643) [Minecraft.class:?]
	at cpw.mods.fml.client.FMLClientHandler.finishMinecraftLoading(FMLClientHandler.java:303) [FMLClientHandler.class:?]
	at net.minecraft.client.Minecraft.startGame(Minecraft.java:586) [Minecraft.class:?]
	at net.minecraft.client.Minecraft.run(Minecraft.java:931) [Minecraft.class:?]
	at net.minecraft.client.main.Main.main(Main.java:164) [Main.class:?]
	at sun.reflect.NativeMethodAccessorImpl.invoke0(Native Method) ~[?:1.8.0_25]
	at sun.reflect.NativeMethodAccessorImpl.invoke(NativeMethodAccessorImpl.java:62) ~[?:1.8.0_25]
	at sun.reflect.DelegatingMethodAccessorImpl.invoke(DelegatingMethodAccessorImpl.java:43) ~[?:1.8.0_25]
	at java.lang.reflect.Method.invoke(Method.java:483) ~[?:1.8.0_25]
	at net.minecraft.launchwrapper.Launch.launch(Launch.java:135) [launchwrapper-1.11.jar:?]
	at net.minecraft.launchwrapper.Launch.main(Launch.java:28) [launchwrapper-1.11.jar:?]
	at net.minecraftforge.gradle.GradleStartCommon.launch(GradleStartCommon.java:78) [start/:?]
	at GradleStart.main(GradleStart.java:45) [start/:?]
	at sun.reflect.NativeMethodAccessorImpl.invoke0(Native Method) ~[?:1.8.0_25]
	at sun.reflect.NativeMethodAccessorImpl.invoke(NativeMethodAccessorImpl.java:62) ~[?:1.8.0_25]
	at sun.reflect.DelegatingMethodAccessorImpl.invoke(DelegatingMethodAccessorImpl.java:43) ~[?:1.8.0_25]
	at java.lang.reflect.Method.invoke(Method.java:483) ~[?:1.8.0_25]
	at com.intellij.rt.execution.application.AppMain.main(AppMain.java:134) [idea_rt.jar:?]
[16:59:44] [Client thread/INFO]: Created: 256x256 textures/items-atlas
[16:59:45] [Sound Library Loader/INFO]: Sound engine started
[17:00:14] [Server thread/INFO]: Starting integrated minecraft server version 1.7.10
[17:00:14] [Server thread/INFO]: Generating keypair
[17:00:18] [Server thread/INFO]: Preparing start region for level 0
[17:00:20] [Server thread/INFO]: Preparing spawn area: 0%
[17:00:22] [Server thread/INFO]: Preparing spawn area: 18%
[17:00:23] [Server thread/INFO]: Preparing spawn area: 39%
[17:00:24] [Server thread/INFO]: Preparing spawn area: 80%
[17:00:26] [Server thread/INFO]: Changing view distance to 3, from 10
[17:00:31] [Client thread/INFO]: Realms library version == 1.3.5
[17:00:36] [Server thread/INFO]: Player687[local:E:287e9a5f] logged in with entity id 164 at (-1147.745219434003, 4.0, -126.17710522152487)
[17:00:36] [Server thread/INFO]: Player687 joined the game
[17:00:40] [Server thread/INFO]: Saving and pausing game...
[17:00:41] [Server thread/INFO]: Saving chunks for level 'New World'/Overworld
[17:00:42] [MCO Availability Checker #1/INFO]: Could not authorize you against Realms server: Invalid session id
[17:00:42] [MCO Availability Checker #1/ERROR]: Couldn't connect to realms: 
[17:00:42] [Server thread/INFO]: Saving chunks for level 'New World'/Nether
[17:00:42] [Server thread/INFO]: Saving chunks for level 'New World'/The End
[17:00:42] [Server thread/WARN]: Can't keep up! Did the system time change, or is the server overloaded? Running 15954ms behind, skipping 319 tick(s)
[17:00:48] [Server thread/WARN]: Can't keep up! Did the system time change, or is the server overloaded? Running 2105ms behind, skipping 42 tick(s)
[17:00:51] [Server thread/INFO]: Saving and pausing game...
[17:00:53] [Server thread/INFO]: Saving chunks for level 'New World'/Overworld
[17:00:54] [Server thread/INFO]: Saving chunks for level 'New World'/Nether
[17:00:55] [Server thread/INFO]: Saving chunks for level 'New World'/The End
[17:01:15] [Server thread/INFO]: Stopping server
[17:01:15] [Server thread/INFO]: Saving players
[17:01:15] [Server thread/INFO]: Saving worlds
[17:01:15] [Server thread/INFO]: Saving chunks for level 'New World'/Overworld
[17:01:15] [Server thread/INFO]: Saving chunks for level 'New World'/Nether
[17:01:15] [Server thread/INFO]: Saving chunks for level 'New World'/The End
[17:01:17] [Server thread/INFO]: Starting integrated minecraft server version 1.7.10
[17:01:17] [Server thread/INFO]: Generating keypair
[17:01:18] [Server thread/INFO]: Converting map!
[17:01:18] [Server thread/INFO]: Scanning folders...
[17:01:18] [Server thread/INFO]: Total conversion count is 0
[17:01:20] [Server thread/INFO]: Preparing start region for level 0
[17:01:21] [Server thread/INFO]: Preparing spawn area: 1%
[17:01:22] [Server thread/INFO]: Preparing spawn area: 3%
[17:01:23] [Server thread/INFO]: Preparing spawn area: 5%
[17:01:24] [Server thread/INFO]: Preparing spawn area: 6%
[17:01:25] [Server thread/INFO]: Preparing spawn area: 8%
[17:01:27] [Server thread/INFO]: Preparing spawn area: 9%
[17:01:28] [Server thread/INFO]: Preparing spawn area: 11%
[17:01:29] [Server thread/INFO]: Preparing spawn area: 14%
[17:01:30] [Server thread/INFO]: Preparing spawn area: 16%
[17:01:31] [Server thread/INFO]: Preparing spawn area: 18%
[17:01:32] [Server thread/INFO]: Preparing spawn area: 19%
[17:01:33] [Server thread/INFO]: Preparing spawn area: 21%
[17:01:34] [Server thread/INFO]: Preparing spawn area: 23%
[17:01:35] [Server thread/INFO]: Preparing spawn area: 25%
[17:01:36] [Server thread/INFO]: Preparing spawn area: 27%
[17:01:37] [Server thread/INFO]: Preparing spawn area: 30%
[17:01:38] [Server thread/INFO]: Preparing spawn area: 31%
[17:01:39] [Server thread/INFO]: Preparing spawn area: 34%
[17:01:41] [Server thread/INFO]: Preparing spawn area: 36%
[17:01:42] [Server thread/INFO]: Preparing spawn area: 39%
[17:01:43] [Server thread/INFO]: Preparing spawn area: 42%
[17:01:44] [Server thread/INFO]: Preparing spawn area: 45%
[17:01:45] [Server thread/INFO]: Preparing spawn area: 49%
[17:01:46] [Server thread/INFO]: Preparing spawn area: 50%
[17:01:47] [Server thread/INFO]: Preparing spawn area: 51%
[17:01:48] [Server thread/INFO]: Preparing spawn area: 54%
[17:01:49] [Server thread/INFO]: Preparing spawn area: 57%
[17:01:50] [Server thread/INFO]: Preparing spawn area: 60%
[17:01:51] [Server thread/INFO]: Preparing spawn area: 62%
[17:01:52] [Server thread/INFO]: Preparing spawn area: 64%
[17:01:53] [Server thread/INFO]: Preparing spawn area: 67%
[17:01:54] [Server thread/INFO]: Preparing spawn area: 71%
[17:01:55] [Server thread/INFO]: Preparing spawn area: 76%
[17:01:56] [Server thread/INFO]: Preparing spawn area: 80%
[17:01:57] [Server thread/INFO]: Preparing spawn area: 84%
[17:01:58] [Server thread/INFO]: Preparing spawn area: 89%
[17:01:59] [Server thread/INFO]: Preparing spawn area: 94%
[17:02:00] [Server thread/INFO]: Preparing spawn area: 98%
[17:02:01] [Server thread/INFO]: Changing view distance to 3, from 10
[17:02:02] [Server thread/INFO]: Player687[local:E:94a2a3f0] logged in with entity id 8762 at (-106.5, 69.0, 255.5)
[17:02:02] [Server thread/INFO]: Player687 joined the game
[17:02:06] [Server thread/WARN]: Can't keep up! Did the system time change, or is the server overloaded? Running 2953ms behind, skipping 59 tick(s)
[17:02:10] [Client thread/INFO]: Warning: Clientside chunk ticking took 188 ms
[17:02:16] [Client thread/INFO]: Warning: Clientside chunk ticking took 101 ms
[17:02:30] [Server thread/WARN]: Can't keep up! Did the system time change, or is the server overloaded? Running 10960ms behind, skipping 219 tick(s)
[17:02:36] [Server thread/WARN]: Can't keep up! Did the system time change, or is the server overloaded? Running 2160ms behind, skipping 43 tick(s)
[17:02:52] [Server thread/WARN]: Can't keep up! Did the system time change, or is the server overloaded? Running 2300ms behind, skipping 46 tick(s)
[17:04:08] [Server thread/INFO]: Player687 has just earned the achievement [Taking Inventory]
[17:04:08] [Client thread/INFO]: [CHAT] Player687 has just earned the achievement [Taking Inventory]
[17:04:28] [Client thread/INFO]: [CHAT] Unknown command. Try /help for a list of commands
[17:04:39] [Client thread/INFO]: [CHAT] Unknown command. Try /help for a list of commands
[17:04:42] [Client thread/INFO]: Stopping!
[17:04:42] [Server thread/INFO]: Stopping server
[17:04:42] [Server thread/INFO]: Saving players
[17:04:42] [Server thread/INFO]: Saving worlds
[17:04:42] [Server thread/INFO]: Saving chunks for level 'New World'/Overworld
[17:04:43] [Server thread/INFO]: Saving chunks for level 'New World'/Nether
[17:04:43] [Client Shutdown Thread/INFO]: Stopping server
[17:04:43] [Client Shutdown Thread/INFO]: Saving players
